<?xml version="1.0" encoding="UTF-8"?>
<!-- Generated by org.testng.reporters.JUnitReportReporter -->
<testsuite skipped="0" hostname="terralogic-G41T-R3" name="app1.A" tests="1" failures="0" timestamp="22 Mar 2017 07:34:25 GMT" time="6.928" errors="0">
  <testcase name="GoogleLogin" time="6.928" classname="app1.A"/>
</testsuite> <!-- app1.A -->
